all [753, 2299, 0]
CLASP [753, 2299, 0]
20191024-test-cam09exp2 [38, 58, 0]
20191024-test-cam11exp2 [20, 54, 0]
20191024-test-cam13exp2 [24, 34, 0]
20191024-test-cam20exp2 [21, 63, 0]
20190416-cam20exp1 [80, 35, 0]
20190416-cam20exp2 [56, 33, 0]
20190416-cam20exp3 [52, 43, 0]
20191024-cam20exp1 [138, 43, 0]
20191024-cam20exp2 [78, 39, 0]
20191024-cam20exp3 [29, 54, 0]
20191024-training-cam11exp2 [28, 60, 0]
20191024-training-cam13exp2 [11, 31, 0]
20191024-training-cam20exp2 [16, 62, 0]
cam11-xfr-1 [31, 265, 0]
cam13-xfr-1 [53, 368, 0]
cam13-xfr-2 [78, 326, 0]
20191024-training-cam09exp2 [0, 81, 0]
cam20-xfr-2 [0, 304, 0]
cam9-xfr-2 [0, 346, 0]
