all [1499, 1452, 995]
CLASP [901, 1452, 397]
cam11-xfr-1 [0, 296, 39]
cam13-xfr-1 [0, 412, 61]
cam13-xfr-2 [0, 356, 86]
cam13-p2p-2 [520, 9, 109]
cam13-p2p-1 [73, 1, 10]
cam5-p2p-2 [121, 0, 43]
cam6-p2p-2 [187, 0, 49]
cam9-xfr-2 [0, 378, 0]
G5Yr20A5z_Q [12, 0, 2]
j35JnR0Q7Es [5, 0, 2]
Ie35yEssHko [10, 0, 5]
-OyDO1g74vc [13, 0, 3]
X5wWhZ2r9kc [3, 0, 5]
yo-Kg2YxlZs [0, 0, 5]
7YpF6DntOYw [3, 0, 3]
1ReZIMmD_8E [15, 0, 3]
M6cgEs9JgDo [0, 0, 5]
_ithRWANKB0 [2, 0, 2]
tNpZtigMc4g [2, 0, 4]
VsYPP2I0aUQ [0, 0, 4]
fNcxxBjEOgw [4, 0, 3]
CrlfWnsS7ac [0, 0, 4]
9HOMUW7QNFc [1, 0, 3]
4gVsDd8PV9U [0, 0, 6]
PcFEhUKhN6g [1, 0, 3]
JNb4nWexD0I [0, 0, 2]
_mAfwH6i90E [1, 0, 2]
wogRuPNBUi8 [0, 0, 2]
oITFHwzfw_k [2, 0, 4]
U_WzY2k8IBM [1, 0, 3]
rUYsoIIE37A [12, 0, 7]
9QbzS8bZXFE [1, 0, 5]
TCmNvNLRWrc [2, 0, 3]
cWYJHb25EVs [6, 0, 1]
Ag-pXiLrd48 [0, 0, 2]
gqmmpoO1JrY [0, 0, 2]
Ksd1JQFHYWA [2, 0, 4]
gjasEUDkbuc [4, 0, 7]
b5pRYl_djbs [0, 0, 1]
miB-wo2PfLI [6, 0, 5]
-5KQ66BBWC4 [0, 0, 2]
5milLu-6bWI [0, 0, 2]
2E_e8JlvTlg [0, 0, 2]
YYWdB7h1INo [0, 0, 3]
D8Vhxbho1fY [0, 0, 3]
5YPjcdLbs5g [0, 0, 1]
qBUu7cy-5Iw [1, 0, 3]
9bK05eBt1GM [0, 0, 5]
HV0H6oc4Kvs [2, 0, 5]
7nHkh4sP5Ks [2, 0, 3]
_Ca3gOdOHxU [1, 0, 2]
xO4ABy2iOQA [15, 0, 7]
2qQs3Y9OJX0 [2, 0, 3]
KWoSGtglCms [5, 0, 4]
cc4y-yYm5Ao [4, 0, 5]
qsTqtWVVSLM [0, 0, 4]
fZs-yXm-uUs [2, 0, 3]
WKqbLbU68wU [2, 0, 3]
yMtGmGa8KZ0 [5, 0, 4]
cLiJgvrDlWw [0, 0, 3]
kAsz-76DTDE [3, 0, 4]
bAVXp1oGjHA [0, 0, 5]
jBs_XYHI7gM [1, 0, 4]
9tyiDEYiWiA [0, 0, 2]
gjdgj04FzR0 [6, 0, 5]
jI0HIlSsa3s [1, 0, 5]
yvgCGJ6vfkY [3, 0, 7]
XglAvHaEtHY [8, 0, 4]
Ytga8ciKWJc [0, 0, 3]
053oq2xB3oU [1, 0, 6]
KIy2a-nejxg [0, 0, 4]
AYebXQ8eUkM [0, 0, 1]
0f39OWEqJ24 [1, 0, 3]
y7ncweROe9U [3, 0, 4]
rk8Xm0EAOWs [1, 0, 4]
Riu4ZKk4YdQ [0, 0, 3]
vfjywN5CN0Y [1, 0, 3]
QMwT7DFA5O4 [0, 0, 1]
QD3L10bUnBo [0, 0, 1]
phrYEKv0rmw [12, 0, 3]
UsLnxI_zGpY [0, 0, 5]
-XpUuIgyUHE [0, 0, 1]
S0tkhGJjwLA [1, 0, 3]
VRlpH1MbWUw [0, 0, 2]
qrkff49p4E4 [0, 0, 1]
tjqCzVjojCo [2, 0, 3]
3_VjIRdXVdM [1, 0, 4]
t1LXrJOvPDg [2, 0, 9]
PmElx9ZVByw [3, 0, 3]
jqZpiHlJUig [1, 0, 6]
UgZFdrNT6W0 [5, 0, 1]
lT1zdTL-3SM [5, 0, 2]
XF87VL5T0aA [11, 0, 3]
LrDT25hmApw [1, 0, 6]
fGgnNCbXZ20 [10, 0, 5]
C3qk4yAMANk [0, 0, 3]
skiZueh4lfY [0, 0, 1]
aMYcLyh9OhU [8, 0, 3]
_-Z6wFjXtGQ [5, 0, 4]
g1wyIcLPbq0 [0, 0, 4]
J1jDc2rTJlg [0, 0, 4]
5MxjqHfkWFI [0, 0, 3]
QotkBTEePI8 [2, 0, 4]
7g37N3eoQ9s [0, 0, 2]
rFgb2ECMcrY [5, 0, 3]
yqImJuC5UzI [0, 0, 1]
Hi8QeP_VPu0 [6, 0, 5]
HVAmkvLrthQ [12, 0, 6]
uq_HBsvP548 [1, 0, 2]
TM5MPJIq1Is [8, 0, 1]
SHBMiL5f_3Q [0, 0, 2]
4ZpjKfu6Cl8 [1, 0, 2]
3IOE-Q3UWdA [0, 0, 3]
GBXK_SyfisM [2, 0, 3]
4Y5qi1gD2Sw [0, 0, 3]
hbYvDvJrpNk [7, 0, 4]
l-jxh8gpxuY [4, 0, 5]
5LrOQEt_XVM [5, 0, 3]
_a9SWtcaNj8 [0, 0, 1]
Db19rWN5BGo [4, 0, 4]
wEAeql4z1O0 [1, 0, 3]
kMy-6RtoOVU [5, 0, 2]
8VZEwOCQ8bc [0, 0, 1]
oD_wxyTHJ2I [6, 0, 1]
UOfuzrwkclM [7, 0, 3]
N5UD8FGzDek [1, 0, 6]
qpoWHELxL-4 [0, 0, 2]
Vmef_8MY46w [4, 0, 5]
K_SpqDJnlps [0, 0, 4]
v0L-WkMO3s4 [0, 0, 6]
OfMdakd4bHI [4, 0, 3]
xmqSaQPzL1E [11, 0, 1]
T-Fc9ctuNVI [0, 0, 3]
N1K2bEZLL_A [0, 0, 1]
-ZFgsrolSxo [3, 0, 3]
oq_bufAhyl8 [3, 0, 2]
HymKCzQJbB8 [0, 0, 2]
QaIMUi-elFo [2, 0, 5]
9Rcxr3IEX4E [0, 0, 1]
Ma2hgTmveKQ [0, 0, 3]
TcB0IFBwk-k [1, 0, 4]
b50s4AlOOKY [2, 0, 5]
eA55_shhKko [5, 0, 2]
zR725veL-DI [1, 0, 4]
bSZiZ4rOC7c [4, 0, 5]
P60OxWahxBQ [3, 0, 3]
pieVIsGmLsc [4, 0, 3]
NEQ7Wpf-EtI [2, 0, 4]
oWhvucAskhk [2, 0, 4]
B1MAUxpKaV8 [6, 0, 1]
CG98XdYsgrA [0, 0, 2]
9eAOr_ttXp0 [0, 0, 3]
pGP_oIdKmRY [0, 0, 2]
Feu1_8NazPE [0, 0, 2]
dMH8L7mqCNI [1, 0, 2]
32HR3MnDZ8g [6, 0, 1]
N0Dt9i9IUNg [0, 0, 2]
rJKeqfTlAeY [9, 0, 4]
x-6CtPWVi6E [3, 0, 2]
26V9UzqSguo [3, 0, 3]
zG7mx8KiavA [0, 0, 4]
zlVkeKC6Ha8 [0, 0, 1]
plkJ45_-pMk [0, 0, 2]
tEoJW9ycmSY [2, 0, 1]
4k-rTF3oZKw [0, 0, 2]
fD6VkIRlIRI [4, 0, 1]
Gfdg_GcaNe8 [1, 0, 2]
lWXhqIAvarw [2, 0, 2]
sUVhd0YTKgw [5, 0, 4]
N7baJsMszJ0 [6, 0, 2]
8aMv-ZGD4ic [0, 0, 3]
9mLYmkonWZQ [6, 0, 2]
D-BJTU6NxZ8 [0, 0, 2]
GozLjpMNADg [13, 0, 2]
uwW0ejeosmk [0, 0, 3]
wfEOx36N4jA [2, 0, 1]
QJzocCGLdHU [1, 0, 2]
HKjR70GCRPE [14, 0, 3]
z3kgrh0L_80 [5, 0, 3]
-IELREHX_js [0, 0, 1]
HJzgJ9ZjvJk [1, 0, 2]
IKdBLciu_-A [6, 0, 1]
J4bt4y9ShTA [5, 0, 2]
iSlDMboCSao [2, 0, 3]
HTYT2vF-j_w [0, 0, 2]
t0V4drbYDnc [3, 0, 1]
2DUITARAsWQ [2, 0, 1]
ri4P2enZT9o [1, 0, 2]
_145Aa_xkuE [0, 0, 1]
xp67EC-Hvwk [4, 0, 3]
Ecivp8t3MdY [1, 0, 2]
2bxKkUgcqpk [9, 0, 3]
kplbKz3_fZk [0, 0, 1]
bhlFavrh7WU [1, 0, 3]
vBbjA4tWCPg [3, 0, 1]
phVLLTMzmKk [0, 0, 1]
XV_FF3WC7kA [2, 0, 1]
P90hF2S1JzA [0, 0, 2]
8JSxLhDMGtE [3, 0, 2]
Kb1fduj-jdY [1, 0, 2]
2KpThOF_QmE [2, 0, 1]
dgLApPvmfBE [8, 0, 1]
cKA-qeZuH_w [8, 0, 3]
mkcDANJjDcM [1, 0, 2]
sADELCyj10I [0, 0, 2]
2FIHxnZKg6A [3, 0, 2]
ZxQn8HVmXsY [0, 0, 1]
r2llOyS-BmE [4, 0, 2]
F3dPH6Xqf5M [0, 0, 1]
8nO5FFbIAog [0, 0, 2]
rCb9-U4TArw [3, 0, 1]
0wBYFahr3uI [1, 0, 1]
jgAwJ0RqmYg [9, 0, 1]
WlgxRNCHQzw [3, 0, 1]
E7JcKooKVsM [0, 0, 1]
mfsbYdLx9wE [1, 0, 1]
BCiuXAuCKAU [11, 0, 0]
2fwni_Kjf2M [5, 0, 0]
T26G6_AjJZ4 [2, 0, 0]
C25wkwAMB-w [7, 0, 0]
9IF8uTRrWAM [4, 0, 0]
aRbLw-dU2XY [1, 0, 0]
tt0t_a1EDCE [3, 0, 0]
kLDpP9QEVBs [2, 0, 0]
BY3sZmvUp-0 [3, 0, 0]
aDEYi1OG0vU [1, 0, 0]
piYxcrMxVPw [1, 0, 0]
xJmRNZVDDCY [2, 0, 0]
TzaVHtLXOzY [1, 0, 0]
IuPC-z-M9u8 [3, 0, 0]
I8j6Xq2B5ys [1, 0, 0]
LIavUJVrXaI [1, 0, 0]
AN07xQokfiE [1, 0, 0]
