all [661, 616, 1063]
CLASP [661, 616, 465]
20190416-cam20exp2 [2, 39, 57]
cam20-xfr-2 [0, 333, 0]
rUYsoIIE37A [0, 0, 7]
20191024-cam20exp1 [6, 49, 143]
cam20-p2p-2 [506, 5, 0]
cam20-p2p-1 [124, 0, 27]
jI0HIlSsa3s [0, 0, 5]
Ksd1JQFHYWA [0, 0, 4]
20191024-cam20exp2 [6, 43, 77]
20190416-cam20exp1 [4, 41, 85]
9mLYmkonWZQ [0, 0, 2]
20190416-cam20exp3 [4, 49, 55]
pGP_oIdKmRY [0, 0, 2]
20191024-cam20exp3 [9, 57, 21]
fGgnNCbXZ20 [0, 0, 5]
X5wWhZ2r9kc [0, 0, 5]
J1jDc2rTJlg [0, 0, 4]
CrlfWnsS7ac [0, 0, 4]
wEAeql4z1O0 [0, 0, 3]
C3qk4yAMANk [0, 0, 3]
ri4P2enZT9o [0, 0, 2]
yo-Kg2YxlZs [0, 0, 5]
-ZFgsrolSxo [0, 0, 3]
kMy-6RtoOVU [0, 0, 2]
D8Vhxbho1fY [0, 0, 3]
t1LXrJOvPDg [0, 0, 9]
TM5MPJIq1Is [0, 0, 1]
oWhvucAskhk [0, 0, 4]
pieVIsGmLsc [0, 0, 3]
HV0H6oc4Kvs [0, 0, 5]
26V9UzqSguo [0, 0, 3]
_ithRWANKB0 [0, 0, 2]
QotkBTEePI8 [0, 0, 4]
-OyDO1g74vc [0, 0, 3]
bSZiZ4rOC7c [0, 0, 5]
oq_bufAhyl8 [0, 0, 2]
F3dPH6Xqf5M [0, 0, 1]
9HOMUW7QNFc [0, 0, 3]
jqZpiHlJUig [0, 0, 6]
TCmNvNLRWrc [0, 0, 3]
4gVsDd8PV9U [0, 0, 6]
OfMdakd4bHI [0, 0, 3]
gjasEUDkbuc [0, 0, 7]
y7ncweROe9U [0, 0, 4]
2bxKkUgcqpk [0, 0, 3]
Ma2hgTmveKQ [0, 0, 3]
gjdgj04FzR0 [0, 0, 5]
S0tkhGJjwLA [0, 0, 3]
jBs_XYHI7gM [0, 0, 4]
VsYPP2I0aUQ [0, 0, 4]
cc4y-yYm5Ao [0, 0, 5]
9tyiDEYiWiA [0, 0, 2]
2qQs3Y9OJX0 [0, 0, 3]
yvgCGJ6vfkY [0, 0, 7]
tNpZtigMc4g [0, 0, 4]
2FIHxnZKg6A [0, 0, 2]
fZs-yXm-uUs [0, 0, 3]
mkcDANJjDcM [0, 0, 2]
N7baJsMszJ0 [0, 0, 2]
xO4ABy2iOQA [0, 0, 7]
4ZpjKfu6Cl8 [0, 0, 2]
-5KQ66BBWC4 [0, 0, 2]
P60OxWahxBQ [0, 0, 3]
0wBYFahr3uI [0, 0, 1]
qsTqtWVVSLM [0, 0, 4]
7nHkh4sP5Ks [0, 0, 3]
QaIMUi-elFo [0, 0, 5]
M6cgEs9JgDo [0, 0, 5]
3_VjIRdXVdM [0, 0, 4]
b50s4AlOOKY [0, 0, 5]
plkJ45_-pMk [0, 0, 2]
UsLnxI_zGpY [0, 0, 5]
N5UD8FGzDek [0, 0, 6]
XglAvHaEtHY [0, 0, 4]
7g37N3eoQ9s [0, 0, 2]
l-jxh8gpxuY [0, 0, 5]
zG7mx8KiavA [0, 0, 4]
QJzocCGLdHU [0, 0, 2]
G5Yr20A5z_Q [0, 0, 2]
PcFEhUKhN6g [0, 0, 3]
Kb1fduj-jdY [0, 0, 2]
rk8Xm0EAOWs [0, 0, 4]
yMtGmGa8KZ0 [0, 0, 4]
Db19rWN5BGo [0, 0, 4]
v0L-WkMO3s4 [0, 0, 6]
iSlDMboCSao [0, 0, 3]
bhlFavrh7WU [0, 0, 3]
tjqCzVjojCo [0, 0, 3]
gqmmpoO1JrY [0, 0, 2]
7YpF6DntOYw [0, 0, 3]
T-Fc9ctuNVI [0, 0, 3]
fNcxxBjEOgw [0, 0, 3]
yqImJuC5UzI [0, 0, 1]
053oq2xB3oU [0, 0, 6]
z3kgrh0L_80 [0, 0, 3]
sADELCyj10I [0, 0, 2]
5MxjqHfkWFI [0, 0, 3]
YYWdB7h1INo [0, 0, 3]
uwW0ejeosmk [0, 0, 3]
Hi8QeP_VPu0 [0, 0, 5]
N0Dt9i9IUNg [0, 0, 2]
Riu4ZKk4YdQ [0, 0, 3]
5YPjcdLbs5g [0, 0, 1]
N1K2bEZLL_A [0, 0, 1]
LrDT25hmApw [0, 0, 6]
KWoSGtglCms [0, 0, 4]
NEQ7Wpf-EtI [0, 0, 4]
rCb9-U4TArw [0, 0, 1]
cWYJHb25EVs [0, 0, 1]
Vmef_8MY46w [0, 0, 5]
UgZFdrNT6W0 [0, 0, 1]
mfsbYdLx9wE [0, 0, 1]
GBXK_SyfisM [0, 0, 3]
GozLjpMNADg [0, 0, 2]
IKdBLciu_-A [0, 0, 1]
vfjywN5CN0Y [0, 0, 3]
rJKeqfTlAeY [0, 0, 4]
sUVhd0YTKgw [0, 0, 4]
tEoJW9ycmSY [0, 0, 1]
oITFHwzfw_k [0, 0, 4]
J4bt4y9ShTA [0, 0, 2]
1ReZIMmD_8E [0, 0, 3]
eA55_shhKko [0, 0, 2]
9eAOr_ttXp0 [0, 0, 3]
t0V4drbYDnc [0, 0, 1]
x-6CtPWVi6E [0, 0, 2]
cLiJgvrDlWw [0, 0, 3]
P90hF2S1JzA [0, 0, 2]
8aMv-ZGD4ic [0, 0, 3]
wogRuPNBUi8 [0, 0, 2]
4Y5qi1gD2Sw [0, 0, 3]
_-Z6wFjXtGQ [0, 0, 4]
KIy2a-nejxg [0, 0, 4]
Ytga8ciKWJc [0, 0, 3]
D-BJTU6NxZ8 [0, 0, 2]
9bK05eBt1GM [0, 0, 5]
_Ca3gOdOHxU [0, 0, 2]
8JSxLhDMGtE [0, 0, 2]
4k-rTF3oZKw [0, 0, 2]
TcB0IFBwk-k [0, 0, 4]
WKqbLbU68wU [0, 0, 3]
HKjR70GCRPE [0, 0, 3]
xp67EC-Hvwk [0, 0, 3]
bAVXp1oGjHA [0, 0, 5]
wfEOx36N4jA [0, 0, 1]
3IOE-Q3UWdA [0, 0, 3]
JNb4nWexD0I [0, 0, 2]
9Rcxr3IEX4E [0, 0, 1]
Ecivp8t3MdY [0, 0, 2]
_mAfwH6i90E [0, 0, 2]
5LrOQEt_XVM [0, 0, 3]
xmqSaQPzL1E [0, 0, 1]
UOfuzrwkclM [0, 0, 3]
Gfdg_GcaNe8 [0, 0, 2]
K_SpqDJnlps [0, 0, 4]
9QbzS8bZXFE [0, 0, 5]
CG98XdYsgrA [0, 0, 2]
0f39OWEqJ24 [0, 0, 3]
HymKCzQJbB8 [0, 0, 2]
2E_e8JlvTlg [0, 0, 2]
ZxQn8HVmXsY [0, 0, 1]
zR725veL-DI [0, 0, 4]
phVLLTMzmKk [0, 0, 1]
8nO5FFbIAog [0, 0, 2]
AYebXQ8eUkM [0, 0, 1]
HVAmkvLrthQ [0, 0, 6]
Ie35yEssHko [0, 0, 5]
aMYcLyh9OhU [0, 0, 3]
g1wyIcLPbq0 [0, 0, 4]
uq_HBsvP548 [0, 0, 2]
cKA-qeZuH_w [0, 0, 3]
lT1zdTL-3SM [0, 0, 2]
hbYvDvJrpNk [0, 0, 4]
fD6VkIRlIRI [0, 0, 1]
vBbjA4tWCPg [0, 0, 1]
XF87VL5T0aA [0, 0, 3]
2KpThOF_QmE [0, 0, 1]
zlVkeKC6Ha8 [0, 0, 1]
qpoWHELxL-4 [0, 0, 2]
phrYEKv0rmw [0, 0, 3]
kAsz-76DTDE [0, 0, 4]
skiZueh4lfY [0, 0, 1]
PmElx9ZVByw [0, 0, 3]
Feu1_8NazPE [0, 0, 2]
HJzgJ9ZjvJk [0, 0, 2]
2DUITARAsWQ [0, 0, 1]
8VZEwOCQ8bc [0, 0, 1]
Ag-pXiLrd48 [0, 0, 2]
5milLu-6bWI [0, 0, 2]
dgLApPvmfBE [0, 0, 1]
HTYT2vF-j_w [0, 0, 2]
QMwT7DFA5O4 [0, 0, 1]
VRlpH1MbWUw [0, 0, 2]
lWXhqIAvarw [0, 0, 2]
qBUu7cy-5Iw [0, 0, 3]
SHBMiL5f_3Q [0, 0, 2]
rFgb2ECMcrY [0, 0, 3]
b5pRYl_djbs [0, 0, 1]
U_WzY2k8IBM [0, 0, 3]
miB-wo2PfLI [0, 0, 5]
dMH8L7mqCNI [0, 0, 2]
E7JcKooKVsM [0, 0, 1]
WlgxRNCHQzw [0, 0, 1]
oD_wxyTHJ2I [0, 0, 1]
jgAwJ0RqmYg [0, 0, 1]
-IELREHX_js [0, 0, 1]
32HR3MnDZ8g [0, 0, 1]
r2llOyS-BmE [0, 0, 2]
j35JnR0Q7Es [0, 0, 2]
kplbKz3_fZk [0, 0, 1]
qrkff49p4E4 [0, 0, 1]
-XpUuIgyUHE [0, 0, 1]
B1MAUxpKaV8 [0, 0, 1]
XV_FF3WC7kA [0, 0, 1]
_145Aa_xkuE [0, 0, 1]
QD3L10bUnBo [0, 0, 1]
_a9SWtcaNj8 [0, 0, 1]
